<?xml version="1.0" encoding="UTF-8"?>
<!-- Generated by org.testng.reporters.JUnitReportReporter -->
<testsuite skipped="0" hostname="User-PC" name="ru.yandex.FirstTest" tests="1" failures="0" timestamp="2020-10-17T01:26:55 MSK" time="62.478" errors="0">
  <testcase name="firstTest" time="62.478" classname="ru.yandex.FirstTest"/>
  <system-out/>
</testsuite> <!-- ru.yandex.FirstTest -->
