<?xml version="1.0" encoding="UTF-8"?>
<!-- Generated by org.testng.reporters.JUnitReportReporter -->
<testsuite skipped="0" hostname="User-PC" name="ru.yandex.FirstTest" tests="1" failures="0" timestamp="2020-10-17T00:53:41 MSK" time="27.912" errors="0">
  <testcase name="firstTest" time="27.912" classname="ru.yandex.FirstTest"/>
  <system-out/>
</testsuite> <!-- ru.yandex.FirstTest -->
